# JRE version: OpenJDK Runtime Environment (21.0.4) (build 21.0.4+-12508038-b607.1)
# Java VM: OpenJDK 64-Bit Server VM (21.0.4+-12508038-b607.1, mixed mode, tiered, compressed oops, compressed class ptrs, g1 gc, windows-amd64)
GC Precious Log:
 CardTable entry size: 512
 Card Set container configuration: InlinePtr #cards 5 size 8 Array Of Cards #cards 12 size 40 Howl #buckets 4 coarsen threshold 1843 Howl Bitmap #cards 512 size 80 coarsen threshold 460 Card regions per heap region 1 cards per card region 2048
 CPUs: 16 total, 16 available
 Memory: 8027M
 Large Page Support: Disabled
 NUMA Support: Disabled
 Compressed Oops: Enabled (32-bit)
 Heap Region Size: 1M
 Heap Min Capacity: 8M
 Heap Initial Capacity: 126M
 Heap Max Capacity: 2G
 Pre-touch: Disabled
 Parallel Workers: 13
 Concurrent Workers: 3
 Concurrent Refinement Workers: 13
 Periodic GC: Disabled
Heap:
 garbage-first heap   total 96256K, used 78091K [0x0000000080000000, 0x0000000100000000)
  region size 1024K, 45 young (46080K), 3 survivors (3072K)
 Metaspace       used 53418K, committed 54848K, reserved 1114112K
  class space    used 7172K, committed 7872K, reserved 1048576K
GC Heap History (18 events):
Event: 0.390 GC heap before
{Heap before GC invocations=0 (full 0):
 garbage-first heap   total 129024K, used 22528K [0x0000000080000000, 0x0000000100000000)
  region size 1024K, 23 young (23552K), 0 survivors (0K)
 Metaspace       used 7990K, committed 8128K, reserved 1114112K
  class space    used 709K, committed 768K, reserved 1048576K
}
Event: 0.393 GC heap after
{Heap after GC invocations=1 (full 0):
 garbage-first heap   total 129024K, used 4442K [0x0000000080000000, 0x0000000100000000)
  region size 1024K, 3 young (3072K), 3 survivors (3072K)
 Metaspace       used 7990K, committed 8128K, reserved 1114112K
  class space    used 709K, committed 768K, reserved 1048576K
}
Event: 0.823 GC heap before
{Heap before GC invocations=1 (full 0):
 garbage-first heap   total 129024K, used 41306K [0x0000000080000000, 0x0000000100000000)
  region size 1024K, 36 young (36864K), 3 survivors (3072K)
 Metaspace       used 12216K, committed 12480K, reserved 1114112K
  class space    used 1277K, committed 1408K, reserved 1048576K
}
Event: 0.829 GC heap after
{Heap after GC invocations=2 (full 0):
 garbage-first heap   total 129024K, used 12112K [0x0000000080000000, 0x0000000100000000)
  region size 1024K, 4 young (4096K), 4 survivors (4096K)
 Metaspace       used 12216K, committed 12480K, reserved 1114112K
  class space    used 1277K, committed 1408K, reserved 1048576K
}
Event: 1.317 GC heap before
{Heap before GC invocations=2 (full 0):
 garbage-first heap   total 129024K, used 60240K [0x0000000080000000, 0x0000000100000000)
  region size 1024K, 49 young (50176K), 4 survivors (4096K)
 Metaspace       used 14380K, committed 14656K, reserved 1114112K
  class space    used 1566K, committed 1728K, reserved 1048576K
}
Event: 1.326 GC heap after
{Heap after GC invocations=3 (full 0):
 garbage-first heap   total 129024K, used 18482K [0x0000000080000000, 0x0000000100000000)
  region size 1024K, 6 young (6144K), 6 survivors (6144K)
 Metaspace       used 14380K, committed 14656K, reserved 1114112K
  class space    used 1566K, committed 1728K, reserved 1048576K
}
Event: 1.861 GC heap before
{Heap before GC invocations=3 (full 0):
 garbage-first heap   total 129024K, used 39986K [0x0000000080000000, 0x0000000100000000)
  region size 1024K, 28 young (28672K), 6 survivors (6144K)
 Metaspace       used 21194K, committed 21504K, reserved 1114112K
  class space    used 2428K, committed 2560K, reserved 1048576K
}
Event: 1.865 GC heap after
{Heap after GC invocations=4 (full 0):
 garbage-first heap   total 129024K, used 21422K [0x0000000080000000, 0x0000000100000000)
  region size 1024K, 9 young (9216K), 9 survivors (9216K)
 Metaspace       used 21194K, committed 21504K, reserved 1114112K
  class space    used 2428K, committed 2560K, reserved 1048576K
}
Event: 2.512 GC heap before
{Heap before GC invocations=5 (full 0):
 garbage-first heap   total 75776K, used 74670K [0x0000000080000000, 0x0000000100000000)
  region size 1024K, 61 young (62464K), 9 survivors (9216K)
 Metaspace       used 29724K, committed 30336K, reserved 1114112K
  class space    used 3791K, committed 4096K, reserved 1048576K
}
Event: 2.520 GC heap after
{Heap after GC invocations=6 (full 0):
 garbage-first heap   total 88064K, used 24502K [0x0000000080000000, 0x0000000100000000)
  region size 1024K, 6 young (6144K), 6 survivors (6144K)
 Metaspace       used 29724K, committed 30336K, reserved 1114112K
  class space    used 3791K, committed 4096K, reserved 1048576K
}
Event: 2.984 GC heap before
{Heap before GC invocations=6 (full 0):
 garbage-first heap   total 88064K, used 63414K [0x0000000080000000, 0x0000000100000000)
  region size 1024K, 45 young (46080K), 6 survivors (6144K)
 Metaspace       used 35188K, committed 35968K, reserved 1114112K
  class space    used 4688K, committed 5056K, reserved 1048576K
}
Event: 2.989 GC heap after
{Heap after GC invocations=7 (full 0):
 garbage-first heap   total 106496K, used 26811K [0x0000000080000000, 0x0000000100000000)
  region size 1024K, 6 young (6144K), 6 survivors (6144K)
 Metaspace       used 35188K, committed 35968K, reserved 1114112K
  class space    used 4688K, committed 5056K, reserved 1048576K
}
Event: 3.015 GC heap before
{Heap before GC invocations=7 (full 0):
 garbage-first heap   total 106496K, used 28859K [0x0000000080000000, 0x0000000100000000)
  region size 1024K, 9 young (9216K), 6 survivors (6144K)
 Metaspace       used 35515K, committed 36288K, reserved 1114112K
  class space    used 4746K, committed 5120K, reserved 1048576K
}
Event: 3.019 GC heap after
{Heap after GC invocations=8 (full 0):
 garbage-first heap   total 106496K, used 27102K [0x0000000080000000, 0x0000000100000000)
  region size 1024K, 3 young (3072K), 3 survivors (3072K)
 Metaspace       used 35515K, committed 36288K, reserved 1114112K
  class space    used 4746K, committed 5120K, reserved 1048576K
}
Event: 3.624 GC heap before
{Heap before GC invocations=9 (full 0):
 garbage-first heap   total 92160K, used 86494K [0x0000000080000000, 0x0000000100000000)
  region size 1024K, 62 young (63488K), 3 survivors (3072K)
 Metaspace       used 45615K, committed 46784K, reserved 1114112K
  class space    used 6048K, committed 6656K, reserved 1048576K
}
Event: 3.630 GC heap after
{Heap after GC invocations=10 (full 0):
 garbage-first heap   total 96256K, used 32281K [0x0000000080000000, 0x0000000100000000)
  region size 1024K, 8 young (8192K), 8 survivors (8192K)
 Metaspace       used 45615K, committed 46784K, reserved 1114112K
  class space    used 6048K, committed 6656K, reserved 1048576K
}
Event: 3.875 GC heap before
{Heap before GC invocations=10 (full 0):
 garbage-first heap   total 96256K, used 80409K [0x0000000080000000, 0x0000000100000000)
  region size 1024K, 55 young (56320K), 8 survivors (8192K)
 Metaspace       used 47429K, committed 48704K, reserved 1114112K
  class space    used 6328K, committed 6976K, reserved 1048576K
}
Event: 3.881 GC heap after
{Heap after GC invocations=11 (full 0):
 garbage-first heap   total 96256K, used 34059K [0x0000000080000000, 0x0000000100000000)
  region size 1024K, 3 young (3072K), 3 survivors (3072K)
 Metaspace       used 47429K, committed 48704K, reserved 1114112K
  class space    used 6328K, committed 6976K, reserved 1048576K
}

