# JRE version: OpenJDK Runtime Environment (21.0.4) (build 21.0.4+-12508038-b607.1)
# Java VM: OpenJDK 64-Bit Server VM (21.0.4+-12508038-b607.1, mixed mode, tiered, compressed oops, compressed class ptrs, g1 gc, windows-amd64)
GC Precious Log:
 CardTable entry size: 512
 Card Set container configuration: InlinePtr #cards 5 size 8 Array Of Cards #cards 12 size 40 Howl #buckets 4 coarsen threshold 1843 Howl Bitmap #cards 512 size 80 coarsen threshold 460 Card regions per heap region 1 cards per card region 2048
 CPUs: 16 total, 16 available
 Memory: 8027M
 Large Page Support: Disabled
 NUMA Support: Disabled
 Compressed Oops: Enabled (32-bit)
 Heap Region Size: 1M
 Heap Min Capacity: 8M
 Heap Initial Capacity: 126M
 Heap Max Capacity: 2G
 Pre-touch: Disabled
 Parallel Workers: 13
 Concurrent Workers: 3
 Concurrent Refinement Workers: 13
 Periodic GC: Disabled
Heap:
 garbage-first heap   total 140288K, used 96035K [0x0000000080000000, 0x0000000100000000)
  region size 1024K, 8 young (8192K), 5 survivors (5120K)
 Metaspace       used 90180K, committed 92096K, reserved 1179648K
  class space    used 11970K, committed 12928K, reserved 1048576K
GC Heap History (20 events):
Event: 12.078 GC heap before
{Heap before GC invocations=22 (full 0):
 garbage-first heap   total 98304K, used 79743K [0x0000000080000000, 0x0000000100000000)
  region size 1024K, 35 young (35840K), 4 survivors (4096K)
 Metaspace       used 67291K, committed 68928K, reserved 1114112K
  class space    used 9102K, committed 9920K, reserved 1048576K
}
Event: 12.081 GC heap after
{Heap after GC invocations=23 (full 0):
 garbage-first heap   total 98304K, used 51311K [0x0000000080000000, 0x0000000100000000)
  region size 1024K, 4 young (4096K), 4 survivors (4096K)
 Metaspace       used 67291K, committed 68928K, reserved 1114112K
  class space    used 9102K, committed 9920K, reserved 1048576K
}
Event: 13.221 GC heap before
{Heap before GC invocations=24 (full 0):
 garbage-first heap   total 98304K, used 96367K [0x0000000080000000, 0x0000000100000000)
  region size 1024K, 34 young (34816K), 4 survivors (4096K)
 Metaspace       used 69136K, committed 70848K, reserved 1114112K
  class space    used 9358K, committed 10176K, reserved 1048576K
}
Event: 13.227 GC heap after
{Heap after GC invocations=25 (full 0):
 garbage-first heap   total 109568K, used 73357K [0x0000000080000000, 0x0000000100000000)
  region size 1024K, 5 young (5120K), 5 survivors (5120K)
 Metaspace       used 69136K, committed 70848K, reserved 1114112K
  class space    used 9358K, committed 10176K, reserved 1048576K
}
Event: 13.583 GC heap before
{Heap before GC invocations=25 (full 0):
 garbage-first heap   total 109568K, used 96909K [0x0000000080000000, 0x0000000100000000)
  region size 1024K, 28 young (28672K), 5 survivors (5120K)
 Metaspace       used 71178K, committed 72896K, reserved 1114112K
  class space    used 9616K, committed 10496K, reserved 1048576K
}
Event: 13.586 GC heap after
{Heap after GC invocations=26 (full 0):
 garbage-first heap   total 109568K, used 73978K [0x0000000080000000, 0x0000000100000000)
  region size 1024K, 1 young (1024K), 1 survivors (1024K)
 Metaspace       used 71178K, committed 72896K, reserved 1114112K
  class space    used 9616K, committed 10496K, reserved 1048576K
}
Event: 13.889 GC heap before
{Heap before GC invocations=26 (full 0):
 garbage-first heap   total 109568K, used 97530K [0x0000000080000000, 0x0000000100000000)
  region size 1024K, 24 young (24576K), 1 survivors (1024K)
 Metaspace       used 73993K, committed 75712K, reserved 1114112K
  class space    used 9892K, committed 10752K, reserved 1048576K
}
Event: 13.891 GC heap after
{Heap after GC invocations=27 (full 0):
 garbage-first heap   total 109568K, used 74431K [0x0000000080000000, 0x0000000100000000)
  region size 1024K, 2 young (2048K), 2 survivors (2048K)
 Metaspace       used 73993K, committed 75712K, reserved 1114112K
  class space    used 9892K, committed 10752K, reserved 1048576K
}
Event: 14.205 GC heap before
{Heap before GC invocations=28 (full 0):
 garbage-first heap   total 126976K, used 99007K [0x0000000080000000, 0x0000000100000000)
  region size 1024K, 26 young (26624K), 2 survivors (2048K)
 Metaspace       used 76559K, committed 78272K, reserved 1179648K
  class space    used 10192K, committed 11072K, reserved 1048576K
}
Event: 14.207 GC heap after
{Heap after GC invocations=29 (full 0):
 garbage-first heap   total 126976K, used 75284K [0x0000000080000000, 0x0000000100000000)
  region size 1024K, 3 young (3072K), 3 survivors (3072K)
 Metaspace       used 76559K, committed 78272K, reserved 1179648K
  class space    used 10192K, committed 11072K, reserved 1048576K
}
Event: 14.701 GC heap before
{Heap before GC invocations=29 (full 0):
 garbage-first heap   total 126976K, used 116244K [0x0000000080000000, 0x0000000100000000)
  region size 1024K, 39 young (39936K), 3 survivors (3072K)
 Metaspace       used 79795K, committed 81600K, reserved 1179648K
  class space    used 10670K, committed 11584K, reserved 1048576K
}
Event: 14.706 GC heap after
{Heap after GC invocations=30 (full 0):
 garbage-first heap   total 126976K, used 79860K [0x0000000080000000, 0x0000000100000000)
  region size 1024K, 5 young (5120K), 5 survivors (5120K)
 Metaspace       used 79795K, committed 81600K, reserved 1179648K
  class space    used 10670K, committed 11584K, reserved 1048576K
}
Event: 15.170 GC heap before
{Heap before GC invocations=30 (full 0):
 garbage-first heap   total 126976K, used 113652K [0x0000000080000000, 0x0000000100000000)
  region size 1024K, 38 young (38912K), 5 survivors (5120K)
 Metaspace       used 82449K, committed 84288K, reserved 1179648K
  class space    used 10983K, committed 11904K, reserved 1048576K
}
Event: 15.174 GC heap after
{Heap after GC invocations=31 (full 0):
 garbage-first heap   total 126976K, used 82273K [0x0000000080000000, 0x0000000100000000)
  region size 1024K, 3 young (3072K), 3 survivors (3072K)
 Metaspace       used 82449K, committed 84288K, reserved 1179648K
  class space    used 10983K, committed 11904K, reserved 1048576K
}
Event: 15.762 GC heap before
{Heap before GC invocations=32 (full 0):
 garbage-first heap   total 140288K, used 117089K [0x0000000080000000, 0x0000000100000000)
  region size 1024K, 34 young (34816K), 3 survivors (3072K)
 Metaspace       used 85806K, committed 87680K, reserved 1179648K
  class space    used 11414K, committed 12352K, reserved 1048576K
}
Event: 15.764 GC heap after
{Heap after GC invocations=33 (full 0):
 garbage-first heap   total 140288K, used 88105K [0x0000000080000000, 0x0000000100000000)
  region size 1024K, 4 young (4096K), 4 survivors (4096K)
 Metaspace       used 85806K, committed 87680K, reserved 1179648K
  class space    used 11414K, committed 12352K, reserved 1048576K
}
Event: 16.351 GC heap before
{Heap before GC invocations=33 (full 0):
 garbage-first heap   total 140288K, used 127017K [0x0000000080000000, 0x0000000100000000)
  region size 1024K, 42 young (43008K), 4 survivors (4096K)
 Metaspace       used 89182K, committed 91072K, reserved 1179648K
  class space    used 11839K, committed 12800K, reserved 1048576K
}
Event: 16.356 GC heap after
{Heap after GC invocations=34 (full 0):
 garbage-first heap   total 140288K, used 89859K [0x0000000080000000, 0x0000000100000000)
  region size 1024K, 5 young (5120K), 5 survivors (5120K)
 Metaspace       used 89182K, committed 91072K, reserved 1179648K
  class space    used 11839K, committed 12800K, reserved 1048576K
}
Event: 17.290 GC heap before
{Heap before GC invocations=34 (full 0):
 garbage-first heap   total 140288K, used 125699K [0x0000000080000000, 0x0000000100000000)
  region size 1024K, 40 young (40960K), 5 survivors (5120K)
 Metaspace       used 90180K, committed 92096K, reserved 1179648K
  class space    used 11970K, committed 12928K, reserved 1048576K
}
Event: 17.295 GC heap after
{Heap after GC invocations=35 (full 0):
 garbage-first heap   total 140288K, used 93987K [0x0000000080000000, 0x0000000100000000)
  region size 1024K, 5 young (5120K), 5 survivors (5120K)
 Metaspace       used 90180K, committed 92096K, reserved 1179648K
  class space    used 11970K, committed 12928K, reserved 1048576K
}

